c:\disk_d\fall\oop\lab_04_oop\lab_04_oop\x64\debug\lab_04_oop.pdb
c:\disk_d\fall\oop\lab_04_oop\lab_04_oop\x64\debug\lab_04_oop.idb
c:\disk_d\fall\oop\lab_04_oop\lab_04_oop\lab_04_oop\x64\debug\lab_04_oop.obj
c:\disk_d\fall\oop\lab_04_oop\lab_04_oop\x64\debug\lab_04_oop.lib
c:\disk_d\fall\oop\lab_04_oop\lab_04_oop\lab_04_oop\x64\debug\lab_04_oop.ilk
c:\disk_d\fall\oop\lab_04_oop\lab_04_oop\x64\debug\lab_04_oop.exe
c:\disk_d\fall\oop\lab_04_oop\lab_04_oop\lab_04_oop\x64\debug\main.obj
c:\disk_d\fall\oop\lab_04_oop\lab_04_oop\lab_04_oop\x64\debug\vc143.idb
c:\disk_d\fall\oop\lab_04_oop\lab_04_oop\lab_04_oop\x64\debug\vc143.pdb
c:\disk_d\fall\oop\lab_04_oop\lab_04_oop\lab_04_oop\x64\debug\lab_04_oop.tlog\cl.command.1.tlog
c:\disk_d\fall\oop\lab_04_oop\lab_04_oop\lab_04_oop\x64\debug\lab_04_oop.tlog\cl.read.1.tlog
c:\disk_d\fall\oop\lab_04_oop\lab_04_oop\lab_04_oop\x64\debug\lab_04_oop.tlog\cl.write.1.tlog
c:\disk_d\fall\oop\lab_04_oop\lab_04_oop\lab_04_oop\x64\debug\lab_04_oop.tlog\lib-link.read.1.tlog
c:\disk_d\fall\oop\lab_04_oop\lab_04_oop\lab_04_oop\x64\debug\lab_04_oop.tlog\lib-link.write.1.tlog
c:\disk_d\fall\oop\lab_04_oop\lab_04_oop\lab_04_oop\x64\debug\lab_04_oop.tlog\lib.command.1.tlog
c:\disk_d\fall\oop\lab_04_oop\lab_04_oop\lab_04_oop\x64\debug\lab_04_oop.tlog\link.10332-cvtres.read.1.tlog
c:\disk_d\fall\oop\lab_04_oop\lab_04_oop\lab_04_oop\x64\debug\lab_04_oop.tlog\link.10332-cvtres.write.1.tlog
c:\disk_d\fall\oop\lab_04_oop\lab_04_oop\lab_04_oop\x64\debug\lab_04_oop.tlog\link.10332-rc.read.1.tlog
c:\disk_d\fall\oop\lab_04_oop\lab_04_oop\lab_04_oop\x64\debug\lab_04_oop.tlog\link.10332-rc.write.1.tlog
c:\disk_d\fall\oop\lab_04_oop\lab_04_oop\lab_04_oop\x64\debug\lab_04_oop.tlog\link.10332.read.1.tlog
c:\disk_d\fall\oop\lab_04_oop\lab_04_oop\lab_04_oop\x64\debug\lab_04_oop.tlog\link.10332.read.2.tlog
c:\disk_d\fall\oop\lab_04_oop\lab_04_oop\lab_04_oop\x64\debug\lab_04_oop.tlog\link.10332.write.1.tlog
c:\disk_d\fall\oop\lab_04_oop\lab_04_oop\lab_04_oop\x64\debug\lab_04_oop.tlog\link.command.1.tlog
c:\disk_d\fall\oop\lab_04_oop\lab_04_oop\lab_04_oop\x64\debug\lab_04_oop.tlog\link.read.1.tlog
c:\disk_d\fall\oop\lab_04_oop\lab_04_oop\lab_04_oop\x64\debug\lab_04_oop.tlog\link.write.1.tlog
